<?xml version="1.0" encoding="UTF-8"?>
<!-- Generated by org.testng.reporters.JUnitXMLReporter -->
<testsuite ignored="0" hostname="MSI" failures="1" tests="1" name="Your Test" time="7.208" errors="0" timestamp="2024-02-27T20:51:31 IST">
  <testcase classname="io.cucumber.testng.AbstractTestNGCucumberTests" name="runScenario" time="6.157">
    <failure type="java.lang.AssertionError" message="actual and expected error did not match">
      <![CDATA[java.lang.AssertionError: actual and expected error did not match
at mystepdefs.signup.i_should_see_an_error_message_indicating_please_match_the_requested_format(signup.java:116)
at ✽.I should see an error message indicating please match the requested format(file:///C:/Users/hey1d/OneDrive/Desktop/learn/digitalbank/src/test/resources/features/tharun_signup/DOB.feature:7)
... Removed 1 stack frames]]>
    </failure>
  </testcase> <!-- runScenario -->
</testsuite> <!-- Your Test -->
