<?xml version="1.0" encoding="UTF-8"?>
<!-- Generated by org.testng.reporters.JUnitXMLReporter -->
<testsuite ignored="0" hostname="MSI" failures="1" tests="1" name="Default test" time="6.663" errors="0" timestamp="2024-02-27T16:37:55 IST">
  <testcase classname="io.cucumber.testng.AbstractTestNGCucumberTests" name="runScenario" time="5.93">
    <failure type="java.lang.AssertionError" message="actual and expected error did not match">
      <![CDATA[java.lang.AssertionError: actual and expected error did not match
at org.testng.Assert.fail(Assert.java:99)
at mystepdefs.signup.i_should_see_an_error_message_indicating_please_match_the_requested_format(signup.java:116)
at ✽.I should see an error message indicating please match the requested format(file:///C:/Users/hey1d/OneDrive/Desktop/learn/digitalbank/src/test/resources/features/tharun_signup/DOB.feature:7)
]]>
    </failure>
  </testcase> <!-- runScenario -->
</testsuite> <!-- Default test -->
