<?xml version="1.0" encoding="UTF-8"?>
<!-- Generated by org.testng.reporters.JUnitReportReporter -->
<testsuite hostname="MSI" failures="1" tests="1" name="runners.myrunner" time="6.157" errors="0" timestamp="2024-02-27T20:51:32 IST" skipped="0">
  <testcase classname="runners.myrunner" name="runScenario" time="6.157">
    <failure message="actual and expected error did not match" type="java.lang.AssertionError">
      <![CDATA[java.lang.AssertionError: actual and expected error did not match
at org.testng.Assert.fail(Assert.java:99)
at mystepdefs.signup.i_should_see_an_error_message_indicating_please_match_the_requested_format(signup.java:116)
at ✽.I should see an error message indicating please match the requested format(file:///C:/Users/hey1d/OneDrive/Desktop/learn/digitalbank/src/test/resources/features/tharun_signup/DOB.feature:7)
]]>
    </failure>
  </testcase> <!-- runScenario -->
  <system-out/>
</testsuite> <!-- runners.myrunner -->
