<?xml version="1.0" encoding="UTF-8"?>
<!-- Generated by org.testng.reporters.JUnitReportReporter -->
<testsuite hostname="MSI" failures="0" tests="1" name="runners.myrunner" time="13.728" errors="1" timestamp="2024-02-29T16:23:34 IST" skipped="0">
  <testcase classname="runners.myrunner" name="runScenario" time="13.728">
    <error message="no such element: Unable to locate element: {&quot;method&quot;:&quot;css selector&quot;,&quot;selector&quot;:&quot;#right-panel &gt; div.content.mt-3 &gt; div &gt; div &gt; div &gt; div &gt; form &gt; div.card-footer &gt; button.btn.btn-danger.btn-sm&quot;}
  (Session info: MicrosoftEdge=122.0.2365.59)
For documentation on this error, please visit: https://www.selenium.dev/documentation/webdriver/troubleshooting/errors#no-such-element-exception
Build info: version: &#039;4.18.1&#039;, revision: &#039;b1d3319b48&#039;
System info: os.name: &#039;Windows 11&#039;, os.arch: &#039;amd64&#039;, os.version: &#039;10.0&#039;, java.version: &#039;21.0.1&#039;
Driver info: org.openqa.selenium.edge.EdgeDriver
Command: [540f3cc942ba6ff7902d12e2a3660548, findElement {value=#right-panel &gt; div.content.mt-3 &gt; div &gt; div &gt; div &gt; div &gt; form &gt; div.card-footer &gt; button.btn.btn-danger.btn-sm, using=css selector}]
Capabilities {acceptInsecureCerts: false, browserName: MicrosoftEdge, browserVersion: 122.0.2365.59, fedcm:accounts: true, ms:edgeOptions: {debuggerAddress: localhost:55633}, msedge: {msedgedriverVersion: 121.0.2277.112 (c44bb51ada3..., userDataDir: C:\Users\hey1d\AppData\Loca...}, networkConnectionEnabled: false, pageLoadStrategy: normal, platformName: windows, proxy: Proxy(), se:cdp: ws://localhost:55633/devtoo..., se:cdpVersion: 122.0.2365.59, setWindowRect: true, strictFileInteractability: false, timeouts: {implicit: 0, pageLoad: 300000, script: 30000}, unhandledPromptBehavior: dismiss and notify, webauthn:extension:credBlob: true, webauthn:extension:largeBlob: true, webauthn:extension:minPinLength: true, webauthn:extension:prf: true, webauthn:virtualAuthenticators: true}
Session ID: 540f3cc942ba6ff7902d12e2a3660548" type="org.openqa.selenium.NoSuchElementException">
      <![CDATA[org.openqa.selenium.NoSuchElementException: no such element: Unable to locate element: {"method":"css selector","selector":"#right-panel > div.content.mt-3 > div > div > div > div > form > div.card-footer > button.btn.btn-danger.btn-sm"}
  (Session info: MicrosoftEdge=122.0.2365.59)
For documentation on this error, please visit: https://www.selenium.dev/documentation/webdriver/troubleshooting/errors#no-such-element-exception
Build info: version: '4.18.1', revision: 'b1d3319b48'
System info: os.name: 'Windows 11', os.arch: 'amd64', os.version: '10.0', java.version: '21.0.1'
Driver info: org.openqa.selenium.edge.EdgeDriver
Command: [540f3cc942ba6ff7902d12e2a3660548, findElement {value=#right-panel > div.content.mt-3 > div > div > div > div > form > div.card-footer > button.btn.btn-danger.btn-sm, using=css selector}]
Capabilities {acceptInsecureCerts: false, browserName: MicrosoftEdge, browserVersion: 122.0.2365.59, fedcm:accounts: true, ms:edgeOptions: {debuggerAddress: localhost:55633}, msedge: {msedgedriverVersion: 121.0.2277.112 (c44bb51ada3..., userDataDir: C:\Users\hey1d\AppData\Loca...}, networkConnectionEnabled: false, pageLoadStrategy: normal, platformName: windows, proxy: Proxy(), se:cdp: ws://localhost:55633/devtoo..., se:cdpVersion: 122.0.2365.59, setWindowRect: true, strictFileInteractability: false, timeouts: {implicit: 0, pageLoad: 300000, script: 30000}, unhandledPromptBehavior: dismiss and notify, webauthn:extension:credBlob: true, webauthn:extension:largeBlob: true, webauthn:extension:minPinLength: true, webauthn:extension:prf: true, webauthn:virtualAuthenticators: true}
Session ID: 540f3cc942ba6ff7902d12e2a3660548
at java.base/jdk.internal.reflect.DirectConstructorHandleAccessor.newInstance(DirectConstructorHandleAccessor.java:62)
at java.base/java.lang.reflect.Constructor.newInstanceWithCaller(Constructor.java:502)
at java.base/java.lang.reflect.Constructor.newInstance(Constructor.java:486)
at org.openqa.selenium.remote.ErrorCodec.decode(ErrorCodec.java:167)
at org.openqa.selenium.remote.codec.w3c.W3CHttpResponseCodec.decode(W3CHttpResponseCodec.java:138)
at org.openqa.selenium.remote.codec.w3c.W3CHttpResponseCodec.decode(W3CHttpResponseCodec.java:50)
at org.openqa.selenium.remote.HttpCommandExecutor.execute(HttpCommandExecutor.java:190)
at org.openqa.selenium.remote.service.DriverCommandExecutor.invokeExecute(DriverCommandExecutor.java:216)
at org.openqa.selenium.remote.service.DriverCommandExecutor.execute(DriverCommandExecutor.java:174)
at org.openqa.selenium.remote.RemoteWebDriver.execute(RemoteWebDriver.java:519)
at org.openqa.selenium.remote.ElementLocation$ElementFinder$2.findElement(ElementLocation.java:165)
at org.openqa.selenium.remote.ElementLocation.findElement(ElementLocation.java:59)
at org.openqa.selenium.remote.RemoteWebDriver.findElement(RemoteWebDriver.java:356)
at org.openqa.selenium.remote.RemoteWebDriver.findElement(RemoteWebDriver.java:350)
at org.openqa.selenium.support.pagefactory.DefaultElementLocator.findElement(DefaultElementLocator.java:68)
at org.openqa.selenium.support.pagefactory.internal.LocatingElementHandler.invoke(LocatingElementHandler.java:38)
at jdk.proxy2/jdk.proxy2.$Proxy61.click(Unknown Source)
at pages.deposit_pages.clickonReset(deposit_pages.java:59)
at mystepdefs.Deposit_Step_def.validating_reset_button(Deposit_Step_def.java:51)
at ✽.Validating Reset button(file:///C:/Users/hey1d/OneDrive/Desktop/learn/digitalbank/src/test/resources/features/all/deposits.feature:5)
]]>
    </error>
  </testcase> <!-- runScenario -->
  <system-out/>
</testsuite> <!-- runners.myrunner -->
